  Jcapimin.c
  Jcapistd.c
  Jccoefct.c
  Jccolor.c
  Jcdctmgr.c
  Jchuff.c
  Jcinit.c
  Jcmainct.c
  Jcmarker.c
  Jcmaster.c
  Jcomapi.c
  Jcparam.c
  Jcphuff.c
  Jcprepct.c
  Jcsample.c
  Jctrans.c
  Jdapimin.c
  Jdapistd.c
  Jdatadst.c
  Jdatasrc.c
  Generating Code...
  Compiling...
  Jdcoefct.c
  Jdcolor.c
  Jddctmgr.c
  Jdhuff.c
  Jdinput.c
  Jdmainct.c
  Jdmarker.c
  Jdmaster.c
  Jdmerge.c
  Jdphuff.c
  Jdpostct.c
  Jdsample.c
  Jdtrans.c
  Jerror.c
D:\work\Graph_C\GRAPH_V_unicode_SOURCE\GRAPH_V_unicode\dll\core\bitmaps\jpeg\Jerror.c(193,5): warning C4996: 'sprintf': This function or variable may be unsafe. Consider using sprintf_s instead. To disable deprecation, use _CRT_SECURE_NO_WARNINGS. See online help for details.
D:\work\Graph_C\GRAPH_V_unicode_SOURCE\GRAPH_V_unicode\dll\core\bitmaps\jpeg\Jerror.c(195,5): warning C4996: 'sprintf': This function or variable may be unsafe. Consider using sprintf_s instead. To disable deprecation, use _CRT_SECURE_NO_WARNINGS. See online help for details.
  Jfdctflt.c
  Jfdctfst.c
  Jfdctint.c
  Jidctflt.c
  Jidctfst.c
  Jidctint.c
  Generating Code...
  Compiling...
  Jidctred.c
  Jmemmgr.c
D:\work\Graph_C\GRAPH_V_unicode_SOURCE\GRAPH_V_unicode\dll\core\bitmaps\jpeg\Jmemmgr.c(306,47): warning C4267: '+=': conversion from 'size_t' to 'long', possible loss of data
D:\work\Graph_C\GRAPH_V_unicode_SOURCE\GRAPH_V_unicode\dll\core\bitmaps\jpeg\Jmemmgr.c(366,46): warning C4267: '+=': conversion from 'size_t' to 'long', possible loss of data
D:\work\Graph_C\GRAPH_V_unicode_SOURCE\GRAPH_V_unicode\dll\core\bitmaps\jpeg\Jmemmgr.c(976,35): warning C4267: '-=': conversion from 'size_t' to 'long', possible loss of data
D:\work\Graph_C\GRAPH_V_unicode_SOURCE\GRAPH_V_unicode\dll\core\bitmaps\jpeg\Jmemmgr.c(990,35): warning C4267: '-=': conversion from 'size_t' to 'long', possible loss of data
D:\work\Graph_C\GRAPH_V_unicode_SOURCE\GRAPH_V_unicode\dll\core\bitmaps\jpeg\Jmemmgr.c(1106,19): warning C4996: 'getenv': This function or variable may be unsafe. Consider using _dupenv_s instead. To disable deprecation, use _CRT_SECURE_NO_WARNINGS. See online help for details.
D:\work\Graph_C\GRAPH_V_unicode_SOURCE\GRAPH_V_unicode\dll\core\bitmaps\jpeg\Jmemmgr.c(1109,11): warning C4996: 'sscanf': This function or variable may be unsafe. Consider using sscanf_s instead. To disable deprecation, use _CRT_SECURE_NO_WARNINGS. See online help for details.
  Jmemnobs.c
  Jquant1.c
  Jquant2.c
  Jutils.c
  Generating Code...
C:\Program Files\Microsoft Visual Studio\2022\Community\MSBuild\Microsoft\VC\v170\Microsoft.CppBuild.targets(1573,5): warning MSB8012: TargetPath(D:\work\Graph_C\GRAPH_V_unicode_SOURCE\GRAPH_V_unicode\dll\x64\Static Debug\Jpeg.lib) does not match the Library's OutputFile property value (D:\work\Graph_C\GRAPH_V_unicode_SOURCE\GRAPH_V_unicode\dll\output\jpeg_d.lib). This may cause your project to build incorrectly. To correct this, please make sure that $(OutDir), $(TargetName) and $(TargetExt) property values match the value specified in %(Lib.OutputFile).
C:\Program Files\Microsoft Visual Studio\2022\Community\MSBuild\Microsoft\VC\v170\Microsoft.CppBuild.targets(1575,5): warning MSB8012: TargetName(Jpeg) does not match the Library's OutputFile property value (jpeg_d). This may cause your project to build incorrectly. To correct this, please make sure that $(OutDir), $(TargetName) and $(TargetExt) property values match the value specified in %(Lib.OutputFile).
  Jpeg.vcxproj -> D:\work\Graph_C\GRAPH_V_unicode_SOURCE\GRAPH_V_unicode\dll\x64\Static Debug\Jpeg.lib
