  tif_xfile.cpp
D:\work\Graph_C\GRAPH_V_unicode_SOURCE\GRAPH_V_unicode\dll\core\bitmaps\CxImage\xiofile.h(24,10): warning C4996: 'fopen': This function or variable may be unsafe. Consider using fopen_s instead. To disable deprecation, use _CRT_SECURE_NO_WARNINGS. See online help for details.
D:\work\Graph_C\GRAPH_V_unicode_SOURCE\GRAPH_V_unicode\dll\core\bitmaps\CxImage\tif_xfile.cpp(21,42): warning C4267: 'return': conversion from 'size_t' to 'tsize_t', possible loss of data
D:\work\Graph_C\GRAPH_V_unicode_SOURCE\GRAPH_V_unicode\dll\core\bitmaps\CxImage\tif_xfile.cpp(27,43): warning C4267: 'return': conversion from 'size_t' to 'tsize_t', possible loss of data
D:\work\Graph_C\GRAPH_V_unicode_SOURCE\GRAPH_V_unicode\dll\core\bitmaps\CxImage\tif_xfile.cpp(92,20): warning C4312: 'type cast': conversion from 'int' to 'thandle_t' of greater size
D:\work\Graph_C\GRAPH_V_unicode_SOURCE\GRAPH_V_unicode\dll\core\bitmaps\CxImage\tif_xfile.cpp(102,33): warning C4311: 'type cast': pointer truncation from 'CxFile *' to 'int'
D:\work\Graph_C\GRAPH_V_unicode_SOURCE\GRAPH_V_unicode\dll\core\bitmaps\CxImage\tif_xfile.cpp(102,33): warning C4302: 'type cast': truncation from 'CxFile *' to 'int'
  ximabmp.cpp
D:\work\Graph_C\GRAPH_V_unicode_SOURCE\GRAPH_V_unicode\dll\core\bitmaps\CxImage\xiofile.h(24,10): warning C4996: 'fopen': This function or variable may be unsafe. Consider using fopen_s instead. To disable deprecation, use _CRT_SECURE_NO_WARNINGS. See online help for details.
D:\work\Graph_C\GRAPH_V_unicode_SOURCE\GRAPH_V_unicode\dll\core\bitmaps\CxImage\ximabmp.cpp(186,15): warning C4311: 'type cast': pointer truncation from 'BYTE *' to 'DWORD'
D:\work\Graph_C\GRAPH_V_unicode_SOURCE\GRAPH_V_unicode\dll\core\bitmaps\CxImage\ximabmp.cpp(186,15): warning C4302: 'type cast': truncation from 'BYTE *' to 'DWORD'
D:\work\Graph_C\GRAPH_V_unicode_SOURCE\GRAPH_V_unicode\dll\core\bitmaps\CxImage\ximabmp.cpp(186,75): warning C4311: 'type cast': pointer truncation from 'BYTE *' to 'DWORD'
D:\work\Graph_C\GRAPH_V_unicode_SOURCE\GRAPH_V_unicode\dll\core\bitmaps\CxImage\ximabmp.cpp(186,75): warning C4302: 'type cast': truncation from 'BYTE *' to 'DWORD'
D:\work\Graph_C\GRAPH_V_unicode_SOURCE\GRAPH_V_unicode\dll\core\bitmaps\CxImage\ximabmp.cpp(193,15): warning C4311: 'type cast': pointer truncation from 'BYTE *' to 'DWORD'
D:\work\Graph_C\GRAPH_V_unicode_SOURCE\GRAPH_V_unicode\dll\core\bitmaps\CxImage\ximabmp.cpp(193,15): warning C4302: 'type cast': truncation from 'BYTE *' to 'DWORD'
D:\work\Graph_C\GRAPH_V_unicode_SOURCE\GRAPH_V_unicode\dll\core\bitmaps\CxImage\ximabmp.cpp(193,75): warning C4311: 'type cast': pointer truncation from 'BYTE *' to 'DWORD'
D:\work\Graph_C\GRAPH_V_unicode_SOURCE\GRAPH_V_unicode\dll\core\bitmaps\CxImage\ximabmp.cpp(193,75): warning C4302: 'type cast': truncation from 'BYTE *' to 'DWORD'
D:\work\Graph_C\GRAPH_V_unicode_SOURCE\GRAPH_V_unicode\dll\core\bitmaps\CxImage\ximabmp.cpp(210,13): warning C4311: 'type cast': pointer truncation from 'BYTE *' to 'DWORD'
D:\work\Graph_C\GRAPH_V_unicode_SOURCE\GRAPH_V_unicode\dll\core\bitmaps\CxImage\ximabmp.cpp(210,13): warning C4302: 'type cast': truncation from 'BYTE *' to 'DWORD'
D:\work\Graph_C\GRAPH_V_unicode_SOURCE\GRAPH_V_unicode\dll\core\bitmaps\CxImage\ximabmp.cpp(210,73): warning C4311: 'type cast': pointer truncation from 'BYTE *' to 'DWORD'
D:\work\Graph_C\GRAPH_V_unicode_SOURCE\GRAPH_V_unicode\dll\core\bitmaps\CxImage\ximabmp.cpp(210,73): warning C4302: 'type cast': truncation from 'BYTE *' to 'DWORD'
D:\work\Graph_C\GRAPH_V_unicode_SOURCE\GRAPH_V_unicode\dll\core\bitmaps\CxImage\ximabmp.cpp(215,13): warning C4311: 'type cast': pointer truncation from 'BYTE *' to 'DWORD'
D:\work\Graph_C\GRAPH_V_unicode_SOURCE\GRAPH_V_unicode\dll\core\bitmaps\CxImage\ximabmp.cpp(215,13): warning C4302: 'type cast': truncation from 'BYTE *' to 'DWORD'
D:\work\Graph_C\GRAPH_V_unicode_SOURCE\GRAPH_V_unicode\dll\core\bitmaps\CxImage\ximabmp.cpp(215,73): warning C4311: 'type cast': pointer truncation from 'BYTE *' to 'DWORD'
D:\work\Graph_C\GRAPH_V_unicode_SOURCE\GRAPH_V_unicode\dll\core\bitmaps\CxImage\ximabmp.cpp(215,73): warning C4302: 'type cast': truncation from 'BYTE *' to 'DWORD'
D:\work\Graph_C\GRAPH_V_unicode_SOURCE\GRAPH_V_unicode\dll\core\bitmaps\CxImage\ximabmp.cpp(294,2): warning C4996: 'strncpy': This function or variable may be unsafe. Consider using strncpy_s instead. To disable deprecation, use _CRT_SECURE_NO_WARNINGS. See online help for details.
  ximadsp.cpp
D:\work\Graph_C\GRAPH_V_unicode_SOURCE\GRAPH_V_unicode\dll\core\bitmaps\CxImage\xiofile.h(24,10): warning C4996: 'fopen': This function or variable may be unsafe. Consider using fopen_s instead. To disable deprecation, use _CRT_SECURE_NO_WARNINGS. See online help for details.
  ximaenc.cpp
D:\work\Graph_C\GRAPH_V_unicode_SOURCE\GRAPH_V_unicode\dll\core\bitmaps\CxImage\xiofile.h(24,10): warning C4996: 'fopen': This function or variable may be unsafe. Consider using fopen_s instead. To disable deprecation, use _CRT_SECURE_NO_WARNINGS. See online help for details.
D:\work\Graph_C\GRAPH_V_unicode_SOURCE\GRAPH_V_unicode\dll\core\bitmaps\CxImage\ximapng.h(66,3): warning C4996: 'strncpy': This function or variable may be unsafe. Consider using strncpy_s instead. To disable deprecation, use _CRT_SECURE_NO_WARNINGS. See online help for details.
D:\work\Graph_C\GRAPH_V_unicode_SOURCE\GRAPH_V_unicode\dll\core\bitmaps\CxImage\ximaenc.cpp(70,3): warning C4996: 'strcpy': This function or variable may be unsafe. Consider using strcpy_s instead. To disable deprecation, use _CRT_SECURE_NO_WARNINGS. See online help for details.
D:\work\Graph_C\GRAPH_V_unicode_SOURCE\GRAPH_V_unicode\dll\core\bitmaps\CxImage\ximaenc.cpp(75,3): warning C4996: 'strcpy': This function or variable may be unsafe. Consider using strcpy_s instead. To disable deprecation, use _CRT_SECURE_NO_WARNINGS. See online help for details.
D:\work\Graph_C\GRAPH_V_unicode_SOURCE\GRAPH_V_unicode\dll\core\bitmaps\CxImage\ximaenc.cpp(104,13): warning C4996: '_wfopen': This function or variable may be unsafe. Consider using _wfopen_s instead. To disable deprecation, use _CRT_SECURE_NO_WARNINGS. See online help for details.
D:\work\Graph_C\GRAPH_V_unicode_SOURCE\GRAPH_V_unicode\dll\core\bitmaps\CxImage\ximaenc.cpp(138,3): warning C4996: 'strcpy': This function or variable may be unsafe. Consider using strcpy_s instead. To disable deprecation, use _CRT_SECURE_NO_WARNINGS. See online help for details.
D:\work\Graph_C\GRAPH_V_unicode_SOURCE\GRAPH_V_unicode\dll\core\bitmaps\CxImage\ximaenc.cpp(170,4): warning C4996: 'strcpy': This function or variable may be unsafe. Consider using strcpy_s instead. To disable deprecation, use _CRT_SECURE_NO_WARNINGS. See online help for details.
D:\work\Graph_C\GRAPH_V_unicode_SOURCE\GRAPH_V_unicode\dll\core\bitmaps\CxImage\ximaenc.cpp(194,4): warning C4996: 'strcpy': This function or variable may be unsafe. Consider using strcpy_s instead. To disable deprecation, use _CRT_SECURE_NO_WARNINGS. See online help for details.
D:\work\Graph_C\GRAPH_V_unicode_SOURCE\GRAPH_V_unicode\dll\core\bitmaps\CxImage\ximaenc.cpp(206,4): warning C4996: 'strcpy': This function or variable may be unsafe. Consider using strcpy_s instead. To disable deprecation, use _CRT_SECURE_NO_WARNINGS. See online help for details.
D:\work\Graph_C\GRAPH_V_unicode_SOURCE\GRAPH_V_unicode\dll\core\bitmaps\CxImage\ximaenc.cpp(230,4): warning C4996: 'strcpy': This function or variable may be unsafe. Consider using strcpy_s instead. To disable deprecation, use _CRT_SECURE_NO_WARNINGS. See online help for details.
D:\work\Graph_C\GRAPH_V_unicode_SOURCE\GRAPH_V_unicode\dll\core\bitmaps\CxImage\ximaenc.cpp(278,4): warning C4996: 'strcpy': This function or variable may be unsafe. Consider using strcpy_s instead. To disable deprecation, use _CRT_SECURE_NO_WARNINGS. See online help for details.
D:\work\Graph_C\GRAPH_V_unicode_SOURCE\GRAPH_V_unicode\dll\core\bitmaps\CxImage\ximaenc.cpp(348,2): warning C4996: 'strcpy': This function or variable may be unsafe. Consider using strcpy_s instead. To disable deprecation, use _CRT_SECURE_NO_WARNINGS. See online help for details.
D:\work\Graph_C\GRAPH_V_unicode_SOURCE\GRAPH_V_unicode\dll\core\bitmaps\CxImage\ximaenc.cpp(383,4): warning C4996: 'strcpy': This function or variable may be unsafe. Consider using strcpy_s instead. To disable deprecation, use _CRT_SECURE_NO_WARNINGS. See online help for details.
D:\work\Graph_C\GRAPH_V_unicode_SOURCE\GRAPH_V_unicode\dll\core\bitmaps\CxImage\ximaenc.cpp(400,2): warning C4996: 'strcpy': This function or variable may be unsafe. Consider using strcpy_s instead. To disable deprecation, use _CRT_SECURE_NO_WARNINGS. See online help for details.
D:\work\Graph_C\GRAPH_V_unicode_SOURCE\GRAPH_V_unicode\dll\core\bitmaps\CxImage\ximaenc.cpp(416,3): warning C4996: 'strcpy': This function or variable may be unsafe. Consider using strcpy_s instead. To disable deprecation, use _CRT_SECURE_NO_WARNINGS. See online help for details.
D:\work\Graph_C\GRAPH_V_unicode_SOURCE\GRAPH_V_unicode\dll\core\bitmaps\CxImage\ximaenc.cpp(481,14): warning C4996: '_wfopen': This function or variable may be unsafe. Consider using _wfopen_s instead. To disable deprecation, use _CRT_SECURE_NO_WARNINGS. See online help for details.
D:\work\Graph_C\GRAPH_V_unicode_SOURCE\GRAPH_V_unicode\dll\core\bitmaps\CxImage\ximaenc.cpp(492,2): warning C4996: 'strcpy': This function or variable may be unsafe. Consider using strcpy_s instead. To disable deprecation, use _CRT_SECURE_NO_WARNINGS. See online help for details.
D:\work\Graph_C\GRAPH_V_unicode_SOURCE\GRAPH_V_unicode\dll\core\bitmaps\CxImage\ximaenc.cpp(498,13): warning C4996: '_wfopen': This function or variable may be unsafe. Consider using _wfopen_s instead. To disable deprecation, use _CRT_SECURE_NO_WARNINGS. See online help for details.
D:\work\Graph_C\GRAPH_V_unicode_SOURCE\GRAPH_V_unicode\dll\core\bitmaps\CxImage\ximaenc.cpp(506,29): warning C4996: 'strcpy': This function or variable may be unsafe. Consider using strcpy_s instead. To disable deprecation, use _CRT_SECURE_NO_WARNINGS. See online help for details.
D:\work\Graph_C\GRAPH_V_unicode_SOURCE\GRAPH_V_unicode\dll\core\bitmaps\CxImage\ximaenc.cpp(575,9): warning C4996: 'strcpy': This function or variable may be unsafe. Consider using strcpy_s instead. To disable deprecation, use _CRT_SECURE_NO_WARNINGS. See online help for details.
D:\work\Graph_C\GRAPH_V_unicode_SOURCE\GRAPH_V_unicode\dll\core\bitmaps\CxImage\ximaenc.cpp(720,4): warning C4996: 'strcpy': This function or variable may be unsafe. Consider using strcpy_s instead. To disable deprecation, use _CRT_SECURE_NO_WARNINGS. See online help for details.
D:\work\Graph_C\GRAPH_V_unicode_SOURCE\GRAPH_V_unicode\dll\core\bitmaps\CxImage\ximaenc.cpp(733,4): warning C4996: 'strcpy': This function or variable may be unsafe. Consider using strcpy_s instead. To disable deprecation, use _CRT_SECURE_NO_WARNINGS. See online help for details.
D:\work\Graph_C\GRAPH_V_unicode_SOURCE\GRAPH_V_unicode\dll\core\bitmaps\CxImage\ximaenc.cpp(774,4): warning C4996: 'strcpy': This function or variable may be unsafe. Consider using strcpy_s instead. To disable deprecation, use _CRT_SECURE_NO_WARNINGS. See online help for details.
D:\work\Graph_C\GRAPH_V_unicode_SOURCE\GRAPH_V_unicode\dll\core\bitmaps\CxImage\ximaenc.cpp(788,4): warning C4996: 'strcpy': This function or variable may be unsafe. Consider using strcpy_s instead. To disable deprecation, use _CRT_SECURE_NO_WARNINGS. See online help for details.
D:\work\Graph_C\GRAPH_V_unicode_SOURCE\GRAPH_V_unicode\dll\core\bitmaps\CxImage\ximaenc.cpp(841,4): warning C4996: 'strcpy': This function or variable may be unsafe. Consider using strcpy_s instead. To disable deprecation, use _CRT_SECURE_NO_WARNINGS. See online help for details.
D:\work\Graph_C\GRAPH_V_unicode_SOURCE\GRAPH_V_unicode\dll\core\bitmaps\CxImage\ximaenc.cpp(915,2): warning C4996: 'strcpy': This function or variable may be unsafe. Consider using strcpy_s instead. To disable deprecation, use _CRT_SECURE_NO_WARNINGS. See online help for details.
  ximaexif.cpp
D:\work\Graph_C\GRAPH_V_unicode_SOURCE\GRAPH_V_unicode\dll\core\bitmaps\CxImage\xiofile.h(24,10): warning C4996: 'fopen': This function or variable may be unsafe. Consider using fopen_s instead. To disable deprecation, use _CRT_SECURE_NO_WARNINGS. See online help for details.
D:\work\Graph_C\GRAPH_V_unicode_SOURCE\GRAPH_V_unicode\dll\core\bitmaps\CxImage\ximaexif.cpp(101,48): warning C4267: '=': conversion from 'size_t' to 'int', possible loss of data
D:\work\Graph_C\GRAPH_V_unicode_SOURCE\GRAPH_V_unicode\dll\core\bitmaps\CxImage\ximaexif.cpp(127,53): warning C4267: '=': conversion from 'size_t' to 'int', possible loss of data
D:\work\Graph_C\GRAPH_V_unicode_SOURCE\GRAPH_V_unicode\dll\core\bitmaps\CxImage\ximaexif.cpp(55,4): warning C4996: 'strcpy': This function or variable may be unsafe. Consider using strcpy_s instead. To disable deprecation, use _CRT_SECURE_NO_WARNINGS. See online help for details.
D:\work\Graph_C\GRAPH_V_unicode_SOURCE\GRAPH_V_unicode\dll\core\bitmaps\CxImage\ximaexif.cpp(71,13): warning C4996: 'strcpy': This function or variable may be unsafe. Consider using strcpy_s instead. To disable deprecation, use _CRT_SECURE_NO_WARNINGS. See online help for details.
D:\work\Graph_C\GRAPH_V_unicode_SOURCE\GRAPH_V_unicode\dll\core\bitmaps\CxImage\ximaexif.cpp(84,13): warning C4996: 'strcpy': This function or variable may be unsafe. Consider using strcpy_s instead. To disable deprecation, use _CRT_SECURE_NO_WARNINGS. See online help for details.
D:\work\Graph_C\GRAPH_V_unicode_SOURCE\GRAPH_V_unicode\dll\core\bitmaps\CxImage\ximaexif.cpp(92,13): warning C4996: 'strcpy': This function or variable may be unsafe. Consider using strcpy_s instead. To disable deprecation, use _CRT_SECURE_NO_WARNINGS. See online help for details.
D:\work\Graph_C\GRAPH_V_unicode_SOURCE\GRAPH_V_unicode\dll\core\bitmaps\CxImage\ximaexif.cpp(103,13): warning C4996: 'strcpy': This function or variable may be unsafe. Consider using strcpy_s instead. To disable deprecation, use _CRT_SECURE_NO_WARNINGS. See online help for details.
D:\work\Graph_C\GRAPH_V_unicode_SOURCE\GRAPH_V_unicode\dll\core\bitmaps\CxImage\ximaexif.cpp(123,25): warning C4996: 'strcpy': This function or variable may be unsafe. Consider using strcpy_s instead. To disable deprecation, use _CRT_SECURE_NO_WARNINGS. See online help for details.
D:\work\Graph_C\GRAPH_V_unicode_SOURCE\GRAPH_V_unicode\dll\core\bitmaps\CxImage\ximaexif.cpp(129,25): warning C4996: 'strcpy': This function or variable may be unsafe. Consider using strcpy_s instead. To disable deprecation, use _CRT_SECURE_NO_WARNINGS. See online help for details.
D:\work\Graph_C\GRAPH_V_unicode_SOURCE\GRAPH_V_unicode\dll\core\bitmaps\CxImage\ximaexif.cpp(216,4): warning C4996: 'strcpy': This function or variable may be unsafe. Consider using strcpy_s instead. To disable deprecation, use _CRT_SECURE_NO_WARNINGS. See online help for details.
D:\work\Graph_C\GRAPH_V_unicode_SOURCE\GRAPH_V_unicode\dll\core\bitmaps\CxImage\ximaexif.cpp(227,13): warning C4996: 'strcpy': This function or variable may be unsafe. Consider using strcpy_s instead. To disable deprecation, use _CRT_SECURE_NO_WARNINGS. See online help for details.
D:\work\Graph_C\GRAPH_V_unicode_SOURCE\GRAPH_V_unicode\dll\core\bitmaps\CxImage\ximaexif.cpp(234,9): warning C4996: 'strcpy': This function or variable may be unsafe. Consider using strcpy_s instead. To disable deprecation, use _CRT_SECURE_NO_WARNINGS. See online help for details.
D:\work\Graph_C\GRAPH_V_unicode_SOURCE\GRAPH_V_unicode\dll\core\bitmaps\CxImage\ximaexif.cpp(391,9): warning C4996: 'strcpy': This function or variable may be unsafe. Consider using strcpy_s instead. To disable deprecation, use _CRT_SECURE_NO_WARNINGS. See online help for details.
D:\work\Graph_C\GRAPH_V_unicode_SOURCE\GRAPH_V_unicode\dll\core\bitmaps\CxImage\ximaexif.cpp(412,13): warning C4996: 'strcpy': This function or variable may be unsafe. Consider using strcpy_s instead. To disable deprecation, use _CRT_SECURE_NO_WARNINGS. See online help for details.
D:\work\Graph_C\GRAPH_V_unicode_SOURCE\GRAPH_V_unicode\dll\core\bitmaps\CxImage\ximaexif.cpp(424,17): warning C4996: 'strcpy': This function or variable may be unsafe. Consider using strcpy_s instead. To disable deprecation, use _CRT_SECURE_NO_WARNINGS. See online help for details.
D:\work\Graph_C\GRAPH_V_unicode_SOURCE\GRAPH_V_unicode\dll\core\bitmaps\CxImage\ximaexif.cpp(445,17): warning C4996: 'strncpy': This function or variable may be unsafe. Consider using strncpy_s instead. To disable deprecation, use _CRT_SECURE_NO_WARNINGS. See online help for details.
D:\work\Graph_C\GRAPH_V_unicode_SOURCE\GRAPH_V_unicode\dll\core\bitmaps\CxImage\ximaexif.cpp(449,17): warning C4996: 'strncpy': This function or variable may be unsafe. Consider using strncpy_s instead. To disable deprecation, use _CRT_SECURE_NO_WARNINGS. See online help for details.
D:\work\Graph_C\GRAPH_V_unicode_SOURCE\GRAPH_V_unicode\dll\core\bitmaps\CxImage\ximaexif.cpp(453,5): warning C4996: 'strncpy': This function or variable may be unsafe. Consider using strncpy_s instead. To disable deprecation, use _CRT_SECURE_NO_WARNINGS. See online help for details.
D:\work\Graph_C\GRAPH_V_unicode_SOURCE\GRAPH_V_unicode\dll\core\bitmaps\CxImage\ximaexif.cpp(457,17): warning C4996: 'strncpy': This function or variable may be unsafe. Consider using strncpy_s instead. To disable deprecation, use _CRT_SECURE_NO_WARNINGS. See online help for details.
D:\work\Graph_C\GRAPH_V_unicode_SOURCE\GRAPH_V_unicode\dll\core\bitmaps\CxImage\ximaexif.cpp(478,29): warning C4996: 'strncpy': This function or variable may be unsafe. Consider using strncpy_s instead. To disable deprecation, use _CRT_SECURE_NO_WARNINGS. See online help for details.
D:\work\Graph_C\GRAPH_V_unicode_SOURCE\GRAPH_V_unicode\dll\core\bitmaps\CxImage\ximaexif.cpp(484,21): warning C4996: 'strncpy': This function or variable may be unsafe. Consider using strncpy_s instead. To disable deprecation, use _CRT_SECURE_NO_WARNINGS. See online help for details.
D:\work\Graph_C\GRAPH_V_unicode_SOURCE\GRAPH_V_unicode\dll\core\bitmaps\CxImage\ximaexif.cpp(556,21): warning C4996: 'strcpy': This function or variable may be unsafe. Consider using strcpy_s instead. To disable deprecation, use _CRT_SECURE_NO_WARNINGS. See online help for details.
D:\work\Graph_C\GRAPH_V_unicode_SOURCE\GRAPH_V_unicode\dll\core\bitmaps\CxImage\ximaexif.cpp(649,6): warning C4996: 'strcpy': This function or variable may be unsafe. Consider using strcpy_s instead. To disable deprecation, use _CRT_SECURE_NO_WARNINGS. See online help for details.
D:\work\Graph_C\GRAPH_V_unicode_SOURCE\GRAPH_V_unicode\dll\core\bitmaps\CxImage\ximaexif.cpp(672,17): warning C4996: 'strcpy': This function or variable may be unsafe. Consider using strcpy_s instead. To disable deprecation, use _CRT_SECURE_NO_WARNINGS. See online help for details.
D:\work\Graph_C\GRAPH_V_unicode_SOURCE\GRAPH_V_unicode\dll\core\bitmaps\CxImage\ximaexif.cpp(758,5): warning C4996: 'strcpy': This function or variable may be unsafe. Consider using strcpy_s instead. To disable deprecation, use _CRT_SECURE_NO_WARNINGS. See online help for details.
D:\work\Graph_C\GRAPH_V_unicode_SOURCE\GRAPH_V_unicode\dll\core\bitmaps\CxImage\ximaexif.cpp(801,3): warning C4996: 'strcpy': This function or variable may be unsafe. Consider using strcpy_s instead. To disable deprecation, use _CRT_SECURE_NO_WARNINGS. See online help for details.
  xImage.cpp
D:\work\Graph_C\GRAPH_V_unicode_SOURCE\GRAPH_V_unicode\dll\core\bitmaps\CxImage\xiofile.h(24,10): warning C4996: 'fopen': This function or variable may be unsafe. Consider using fopen_s instead. To disable deprecation, use _CRT_SECURE_NO_WARNINGS. See online help for details.
D:\work\Graph_C\GRAPH_V_unicode_SOURCE\GRAPH_V_unicode\dll\core\bitmaps\CxImage\xImage.cpp(156,3): warning C4996: 'strcpy': This function or variable may be unsafe. Consider using strcpy_s instead. To disable deprecation, use _CRT_SECURE_NO_WARNINGS. See online help for details.
D:\work\Graph_C\GRAPH_V_unicode_SOURCE\GRAPH_V_unicode\dll\core\bitmaps\CxImage\xImage.cpp(168,3): warning C4996: 'strcpy': This function or variable may be unsafe. Consider using strcpy_s instead. To disable deprecation, use _CRT_SECURE_NO_WARNINGS. See online help for details.
D:\work\Graph_C\GRAPH_V_unicode_SOURCE\GRAPH_V_unicode\dll\core\bitmaps\CxImage\xImage.cpp(202,3): warning C4996: 'strcpy': This function or variable may be unsafe. Consider using strcpy_s instead. To disable deprecation, use _CRT_SECURE_NO_WARNINGS. See online help for details.
  ximagif.cpp
D:\work\Graph_C\GRAPH_V_unicode_SOURCE\GRAPH_V_unicode\dll\core\bitmaps\CxImage\xiofile.h(24,10): warning C4996: 'fopen': This function or variable may be unsafe. Consider using fopen_s instead. To disable deprecation, use _CRT_SECURE_NO_WARNINGS. See online help for details.
  ximahist.cpp
D:\work\Graph_C\GRAPH_V_unicode_SOURCE\GRAPH_V_unicode\dll\core\bitmaps\CxImage\xiofile.h(24,10): warning C4996: 'fopen': This function or variable may be unsafe. Consider using fopen_s instead. To disable deprecation, use _CRT_SECURE_NO_WARNINGS. See online help for details.
  ximaico.cpp
D:\work\Graph_C\GRAPH_V_unicode_SOURCE\GRAPH_V_unicode\dll\core\bitmaps\CxImage\xiofile.h(24,10): warning C4996: 'fopen': This function or variable may be unsafe. Consider using fopen_s instead. To disable deprecation, use _CRT_SECURE_NO_WARNINGS. See online help for details.
  ximainfo.cpp
D:\work\Graph_C\GRAPH_V_unicode_SOURCE\GRAPH_V_unicode\dll\core\bitmaps\CxImage\xiofile.h(24,10): warning C4996: 'fopen': This function or variable may be unsafe. Consider using fopen_s instead. To disable deprecation, use _CRT_SECURE_NO_WARNINGS. See online help for details.
  ximaint.cpp
D:\work\Graph_C\GRAPH_V_unicode_SOURCE\GRAPH_V_unicode\dll\core\bitmaps\CxImage\xiofile.h(24,10): warning C4996: 'fopen': This function or variable may be unsafe. Consider using fopen_s instead. To disable deprecation, use _CRT_SECURE_NO_WARNINGS. See online help for details.
  ximaj2k.cpp
D:\work\Graph_C\GRAPH_V_unicode_SOURCE\GRAPH_V_unicode\dll\core\bitmaps\CxImage\xiofile.h(24,10): warning C4996: 'fopen': This function or variable may be unsafe. Consider using fopen_s instead. To disable deprecation, use _CRT_SECURE_NO_WARNINGS. See online help for details.
  ximajas.cpp
D:\work\Graph_C\GRAPH_V_unicode_SOURCE\GRAPH_V_unicode\dll\core\bitmaps\CxImage\xiofile.h(24,10): warning C4996: 'fopen': This function or variable may be unsafe. Consider using fopen_s instead. To disable deprecation, use _CRT_SECURE_NO_WARNINGS. See online help for details.
  ximajbg.cpp
D:\work\Graph_C\GRAPH_V_unicode_SOURCE\GRAPH_V_unicode\dll\core\bitmaps\CxImage\xiofile.h(24,10): warning C4996: 'fopen': This function or variable may be unsafe. Consider using fopen_s instead. To disable deprecation, use _CRT_SECURE_NO_WARNINGS. See online help for details.
  ximajpg.cpp
D:\work\Graph_C\GRAPH_V_unicode_SOURCE\GRAPH_V_unicode\dll\core\bitmaps\CxImage\xiofile.h(24,10): warning C4996: 'fopen': This function or variable may be unsafe. Consider using fopen_s instead. To disable deprecation, use _CRT_SECURE_NO_WARNINGS. See online help for details.
D:\work\Graph_C\GRAPH_V_unicode_SOURCE\GRAPH_V_unicode\dll\core\bitmaps\CxImage\ximajpg.cpp(271,3): warning C4996: 'strcpy': This function or variable may be unsafe. Consider using strcpy_s instead. To disable deprecation, use _CRT_SECURE_NO_WARNINGS. See online help for details.
D:\work\Graph_C\GRAPH_V_unicode_SOURCE\GRAPH_V_unicode\dll\core\bitmaps\CxImage\ximajpg.cpp(317,3): warning C4996: 'strcpy': This function or variable may be unsafe. Consider using strcpy_s instead. To disable deprecation, use _CRT_SECURE_NO_WARNINGS. See online help for details.
  ximalpha.cpp
D:\work\Graph_C\GRAPH_V_unicode_SOURCE\GRAPH_V_unicode\dll\core\bitmaps\CxImage\xiofile.h(24,10): warning C4996: 'fopen': This function or variable may be unsafe. Consider using fopen_s instead. To disable deprecation, use _CRT_SECURE_NO_WARNINGS. See online help for details.
  ximalyr.cpp
D:\work\Graph_C\GRAPH_V_unicode_SOURCE\GRAPH_V_unicode\dll\core\bitmaps\CxImage\xiofile.h(24,10): warning C4996: 'fopen': This function or variable may be unsafe. Consider using fopen_s instead. To disable deprecation, use _CRT_SECURE_NO_WARNINGS. See online help for details.
  ximamng.cpp
D:\work\Graph_C\GRAPH_V_unicode_SOURCE\GRAPH_V_unicode\dll\core\bitmaps\CxImage\xiofile.h(24,10): warning C4996: 'fopen': This function or variable may be unsafe. Consider using fopen_s instead. To disable deprecation, use _CRT_SECURE_NO_WARNINGS. See online help for details.
  ximapal.cpp
D:\work\Graph_C\GRAPH_V_unicode_SOURCE\GRAPH_V_unicode\dll\core\bitmaps\CxImage\xiofile.h(24,10): warning C4996: 'fopen': This function or variable may be unsafe. Consider using fopen_s instead. To disable deprecation, use _CRT_SECURE_NO_WARNINGS. See online help for details.
  ximapcx.cpp
D:\work\Graph_C\GRAPH_V_unicode_SOURCE\GRAPH_V_unicode\dll\core\bitmaps\CxImage\xiofile.h(24,10): warning C4996: 'fopen': This function or variable may be unsafe. Consider using fopen_s instead. To disable deprecation, use _CRT_SECURE_NO_WARNINGS. See online help for details.
  Generating Code...
  Compiling...
  ximapng.cpp
D:\work\Graph_C\GRAPH_V_unicode_SOURCE\GRAPH_V_unicode\dll\core\bitmaps\CxImage\xiofile.h(24,10): warning C4996: 'fopen': This function or variable may be unsafe. Consider using fopen_s instead. To disable deprecation, use _CRT_SECURE_NO_WARNINGS. See online help for details.
D:\work\Graph_C\GRAPH_V_unicode_SOURCE\GRAPH_V_unicode\dll\core\bitmaps\CxImage\ximapng.h(66,3): warning C4996: 'strncpy': This function or variable may be unsafe. Consider using strncpy_s instead. To disable deprecation, use _CRT_SECURE_NO_WARNINGS. See online help for details.
D:\work\Graph_C\GRAPH_V_unicode_SOURCE\GRAPH_V_unicode\dll\core\bitmaps\CxImage\ximapng.cpp(17,2): warning C4996: 'strcpy': This function or variable may be unsafe. Consider using strcpy_s instead. To disable deprecation, use _CRT_SECURE_NO_WARNINGS. See online help for details.
D:\work\Graph_C\GRAPH_V_unicode_SOURCE\GRAPH_V_unicode\dll\core\bitmaps\CxImage\ximapng.cpp(260,26): warning C4996: 'strncpy': This function or variable may be unsafe. Consider using strncpy_s instead. To disable deprecation, use _CRT_SECURE_NO_WARNINGS. See online help for details.
D:\work\Graph_C\GRAPH_V_unicode_SOURCE\GRAPH_V_unicode\dll\core\bitmaps\CxImage\ximapng.cpp(498,2): warning C4996: 'strncpy': This function or variable may be unsafe. Consider using strncpy_s instead. To disable deprecation, use _CRT_SECURE_NO_WARNINGS. See online help for details.
  ximasel.cpp
D:\work\Graph_C\GRAPH_V_unicode_SOURCE\GRAPH_V_unicode\dll\core\bitmaps\CxImage\xiofile.h(24,10): warning C4996: 'fopen': This function or variable may be unsafe. Consider using fopen_s instead. To disable deprecation, use _CRT_SECURE_NO_WARNINGS. See online help for details.
  ximatga.cpp
D:\work\Graph_C\GRAPH_V_unicode_SOURCE\GRAPH_V_unicode\dll\core\bitmaps\CxImage\xiofile.h(24,10): warning C4996: 'fopen': This function or variable may be unsafe. Consider using fopen_s instead. To disable deprecation, use _CRT_SECURE_NO_WARNINGS. See online help for details.
  ximath.cpp
D:\work\Graph_C\GRAPH_V_unicode_SOURCE\GRAPH_V_unicode\dll\core\bitmaps\CxImage\xiofile.h(24,10): warning C4996: 'fopen': This function or variable may be unsafe. Consider using fopen_s instead. To disable deprecation, use _CRT_SECURE_NO_WARNINGS. See online help for details.
  ximatif.cpp
D:\work\Graph_C\GRAPH_V_unicode_SOURCE\GRAPH_V_unicode\dll\core\bitmaps\CxImage\xiofile.h(24,10): warning C4996: 'fopen': This function or variable may be unsafe. Consider using fopen_s instead. To disable deprecation, use _CRT_SECURE_NO_WARNINGS. See online help for details.
D:\work\Graph_C\GRAPH_V_unicode_SOURCE\GRAPH_V_unicode\dll\core\bitmaps\CxImage\ximatif.cpp(422,4): warning C4996: 'strncpy': This function or variable may be unsafe. Consider using strncpy_s instead. To disable deprecation, use _CRT_SECURE_NO_WARNINGS. See online help for details.
D:\work\Graph_C\GRAPH_V_unicode_SOURCE\GRAPH_V_unicode\dll\core\bitmaps\CxImage\ximatif.cpp(451,4): warning C4996: 'strncpy': This function or variable may be unsafe. Consider using strncpy_s instead. To disable deprecation, use _CRT_SECURE_NO_WARNINGS. See online help for details.
D:\work\Graph_C\GRAPH_V_unicode_SOURCE\GRAPH_V_unicode\dll\core\bitmaps\CxImage\ximatif.cpp(483,4): warning C4996: 'strncpy': This function or variable may be unsafe. Consider using strncpy_s instead. To disable deprecation, use _CRT_SECURE_NO_WARNINGS. See online help for details.
D:\work\Graph_C\GRAPH_V_unicode_SOURCE\GRAPH_V_unicode\dll\core\bitmaps\CxImage\ximatif.cpp(590,3): warning C4996: 'sprintf': This function or variable may be unsafe. Consider using sprintf_s instead. To disable deprecation, use _CRT_SECURE_NO_WARNINGS. See online help for details.
  ximatran.cpp
D:\work\Graph_C\GRAPH_V_unicode_SOURCE\GRAPH_V_unicode\dll\core\bitmaps\CxImage\xiofile.h(24,10): warning C4996: 'fopen': This function or variable may be unsafe. Consider using fopen_s instead. To disable deprecation, use _CRT_SECURE_NO_WARNINGS. See online help for details.
D:\work\Graph_C\GRAPH_V_unicode_SOURCE\GRAPH_V_unicode\dll\core\bitmaps\CxImage\ximatran.cpp(2286,3): warning C4996: 'strcpy': This function or variable may be unsafe. Consider using strcpy_s instead. To disable deprecation, use _CRT_SECURE_NO_WARNINGS. See online help for details.
  ximawbmp.cpp
D:\work\Graph_C\GRAPH_V_unicode_SOURCE\GRAPH_V_unicode\dll\core\bitmaps\CxImage\xiofile.h(24,10): warning C4996: 'fopen': This function or variable may be unsafe. Consider using fopen_s instead. To disable deprecation, use _CRT_SECURE_NO_WARNINGS. See online help for details.
D:\work\Graph_C\GRAPH_V_unicode_SOURCE\GRAPH_V_unicode\dll\core\bitmaps\CxImage\ximawbmp.cpp(45,2): warning C4996: 'strncpy': This function or variable may be unsafe. Consider using strncpy_s instead. To disable deprecation, use _CRT_SECURE_NO_WARNINGS. See online help for details.
D:\work\Graph_C\GRAPH_V_unicode_SOURCE\GRAPH_V_unicode\dll\core\bitmaps\CxImage\ximawbmp.cpp(59,3): warning C4996: 'strcpy': This function or variable may be unsafe. Consider using strcpy_s instead. To disable deprecation, use _CRT_SECURE_NO_WARNINGS. See online help for details.
  ximawmf.cpp
D:\work\Graph_C\GRAPH_V_unicode_SOURCE\GRAPH_V_unicode\dll\core\bitmaps\CxImage\xiofile.h(24,10): warning C4996: 'fopen': This function or variable may be unsafe. Consider using fopen_s instead. To disable deprecation, use _CRT_SECURE_NO_WARNINGS. See online help for details.
  ximawnd.cpp
D:\work\Graph_C\GRAPH_V_unicode_SOURCE\GRAPH_V_unicode\dll\core\bitmaps\CxImage\xiofile.h(24,10): warning C4996: 'fopen': This function or variable may be unsafe. Consider using fopen_s instead. To disable deprecation, use _CRT_SECURE_NO_WARNINGS. See online help for details.
D:\work\Graph_C\GRAPH_V_unicode_SOURCE\GRAPH_V_unicode\dll\core\bitmaps\CxImage\ximawnd.cpp(60,15): warning C4244: 'initializing': conversion from 'SIZE_T' to 'DWORD', possible loss of data
D:\work\Graph_C\GRAPH_V_unicode_SOURCE\GRAPH_V_unicode\dll\core\bitmaps\CxImage\ximawnd.cpp(209,16): warning C4311: 'type cast': pointer truncation from 'BYTE *' to 'DWORD'
D:\work\Graph_C\GRAPH_V_unicode_SOURCE\GRAPH_V_unicode\dll\core\bitmaps\CxImage\ximawnd.cpp(209,16): warning C4302: 'type cast': truncation from 'BYTE *' to 'DWORD'
D:\work\Graph_C\GRAPH_V_unicode_SOURCE\GRAPH_V_unicode\dll\core\bitmaps\CxImage\ximawnd.cpp(209,80): warning C4311: 'type cast': pointer truncation from 'BYTE *' to 'DWORD'
D:\work\Graph_C\GRAPH_V_unicode_SOURCE\GRAPH_V_unicode\dll\core\bitmaps\CxImage\ximawnd.cpp(209,80): warning C4302: 'type cast': truncation from 'BYTE *' to 'DWORD'
D:\work\Graph_C\GRAPH_V_unicode_SOURCE\GRAPH_V_unicode\dll\core\bitmaps\CxImage\ximawnd.cpp(216,16): warning C4311: 'type cast': pointer truncation from 'BYTE *' to 'DWORD'
D:\work\Graph_C\GRAPH_V_unicode_SOURCE\GRAPH_V_unicode\dll\core\bitmaps\CxImage\ximawnd.cpp(216,16): warning C4302: 'type cast': truncation from 'BYTE *' to 'DWORD'
D:\work\Graph_C\GRAPH_V_unicode_SOURCE\GRAPH_V_unicode\dll\core\bitmaps\CxImage\ximawnd.cpp(216,79): warning C4311: 'type cast': pointer truncation from 'BYTE *' to 'DWORD'
D:\work\Graph_C\GRAPH_V_unicode_SOURCE\GRAPH_V_unicode\dll\core\bitmaps\CxImage\ximawnd.cpp(216,79): warning C4302: 'type cast': truncation from 'BYTE *' to 'DWORD'
D:\work\Graph_C\GRAPH_V_unicode_SOURCE\GRAPH_V_unicode\dll\core\bitmaps\CxImage\ximawnd.cpp(233,17): warning C4311: 'type cast': pointer truncation from 'BYTE *' to 'DWORD'
D:\work\Graph_C\GRAPH_V_unicode_SOURCE\GRAPH_V_unicode\dll\core\bitmaps\CxImage\ximawnd.cpp(233,17): warning C4302: 'type cast': truncation from 'BYTE *' to 'DWORD'
D:\work\Graph_C\GRAPH_V_unicode_SOURCE\GRAPH_V_unicode\dll\core\bitmaps\CxImage\ximawnd.cpp(233,80): warning C4311: 'type cast': pointer truncation from 'BYTE *' to 'DWORD'
D:\work\Graph_C\GRAPH_V_unicode_SOURCE\GRAPH_V_unicode\dll\core\bitmaps\CxImage\ximawnd.cpp(233,80): warning C4302: 'type cast': truncation from 'BYTE *' to 'DWORD'
D:\work\Graph_C\GRAPH_V_unicode_SOURCE\GRAPH_V_unicode\dll\core\bitmaps\CxImage\ximawnd.cpp(238,17): warning C4311: 'type cast': pointer truncation from 'BYTE *' to 'DWORD'
D:\work\Graph_C\GRAPH_V_unicode_SOURCE\GRAPH_V_unicode\dll\core\bitmaps\CxImage\ximawnd.cpp(238,17): warning C4302: 'type cast': truncation from 'BYTE *' to 'DWORD'
D:\work\Graph_C\GRAPH_V_unicode_SOURCE\GRAPH_V_unicode\dll\core\bitmaps\CxImage\ximawnd.cpp(238,80): warning C4311: 'type cast': pointer truncation from 'BYTE *' to 'DWORD'
D:\work\Graph_C\GRAPH_V_unicode_SOURCE\GRAPH_V_unicode\dll\core\bitmaps\CxImage\ximawnd.cpp(238,80): warning C4302: 'type cast': truncation from 'BYTE *' to 'DWORD'
D:\work\Graph_C\GRAPH_V_unicode_SOURCE\GRAPH_V_unicode\dll\core\bitmaps\CxImage\ximawnd.cpp(385,13): warning C4996: 'strcpy': This function or variable may be unsafe. Consider using strcpy_s instead. To disable deprecation, use _CRT_SECURE_NO_WARNINGS. See online help for details.
D:\work\Graph_C\GRAPH_V_unicode_SOURCE\GRAPH_V_unicode\dll\core\bitmaps\CxImage\ximawnd.cpp(850,3): warning C4996: 'wcsncpy': This function or variable may be unsafe. Consider using wcsncpy_s instead. To disable deprecation, use _CRT_SECURE_NO_WARNINGS. See online help for details.
D:\work\Graph_C\GRAPH_V_unicode_SOURCE\GRAPH_V_unicode\dll\core\bitmaps\CxImage\ximawnd.cpp(1092,5): warning C4996: '_swprintf': This function or variable may be unsafe. Consider using swprintf_s instead. To disable deprecation, use _CRT_SECURE_NO_WARNINGS. See online help for details.
D:\work\Graph_C\GRAPH_V_unicode_SOURCE\GRAPH_V_unicode\dll\core\bitmaps\CxImage\ximawnd.cpp(1104,5): warning C4996: '_swprintf': This function or variable may be unsafe. Consider using swprintf_s instead. To disable deprecation, use _CRT_SECURE_NO_WARNINGS. See online help for details.
  xmemfile.cpp
  Generating Code...
C:\Program Files\Microsoft Visual Studio\2022\Community\MSBuild\Microsoft\VC\v170\Microsoft.CppBuild.targets(1573,5): warning MSB8012: TargetPath(D:\work\Graph_C\GRAPH_V_unicode_SOURCE\GRAPH_V_unicode\dll\x64\Static Debug\cximage.lib) does not match the Library's OutputFile property value (D:\work\Graph_C\GRAPH_V_unicode_SOURCE\GRAPH_V_unicode\dll\output\cximage_d.lib). This may cause your project to build incorrectly. To correct this, please make sure that $(OutDir), $(TargetName) and $(TargetExt) property values match the value specified in %(Lib.OutputFile).
C:\Program Files\Microsoft Visual Studio\2022\Community\MSBuild\Microsoft\VC\v170\Microsoft.CppBuild.targets(1575,5): warning MSB8012: TargetName(cximage) does not match the Library's OutputFile property value (cximage_d). This may cause your project to build incorrectly. To correct this, please make sure that $(OutDir), $(TargetName) and $(TargetExt) property values match the value specified in %(Lib.OutputFile).
  cximage.vcxproj -> D:\work\Graph_C\GRAPH_V_unicode_SOURCE\GRAPH_V_unicode\dll\x64\Static Debug\cximage.lib
